<?xml version="1.0" encoding="UTF-8"?>
<!-- Generated by org.testng.reporters.JUnitReportReporter -->
<testsuite hostname="EVM-F" name="SA.AddFilmInvalidTest" tests="1" failures="0" timestamp="11 Sep 2015 09:17:03 GMT" time="2.179" errors="0">
  <testcase name="testAddFilmInvalid" time="2.179" classname="SA.AddFilmInvalidTest"/>
</testsuite> <!-- SA.AddFilmInvalidTest -->
