<?xml version="1.0" encoding="UTF-8"?>
<!-- Generated by org.testng.reporters.JUnitReportReporter -->
<testsuite hostname="EVM-F" name="SA.AddValidAndRemoveFilmTest" tests="1" failures="0" timestamp="11 Sep 2015 09:17:28 GMT" time="3.306" errors="0">
  <testcase name="testAddValidAndRemoveFilm" time="3.306" classname="SA.AddValidAndRemoveFilmTest"/>
</testsuite> <!-- SA.AddValidAndRemoveFilmTest -->
