<?xml version="1.0" encoding="UTF-8"?>
<!-- Generated by org.testng.reporters.JUnitReportReporter -->
<testsuite hostname="EVM-F" name="SA.AddFilmValid" tests="1" failures="0" timestamp="10 Sep 2015 17:12:59 GMT" time="2.769" errors="0">
  <testcase name="testAddFilmValid" time="2.769" classname="SA.AddFilmValid"/>
</testsuite> <!-- SA.AddFilmValid -->
