<?xml version="1.0" encoding="UTF-8"?>
<!-- Generated by org.testng.reporters.JUnitReportReporter -->
<testsuite hostname="EVM-F" name="SA.AddFilmInvalid" tests="1" failures="0" timestamp="11 Sep 2015 08:30:38 GMT" time="2.210" errors="0">
  <testcase name="testAddFilmInvalid" time="2.210" classname="SA.AddFilmInvalid"/>
</testsuite> <!-- SA.AddFilmInvalid -->
