<?xml version="1.0" encoding="UTF-8"?>
<!-- Generated by org.testng.reporters.JUnitReportReporter -->
<testsuite hostname="EVM-F" name="SA.LoginTest" tests="1" failures="0" timestamp="29 Aug 2015 16:22:36 GMT" time="1.340" errors="0">
  <testcase name="testUntitled" time="1.340" classname="SA.LoginTest"/>
</testsuite> <!-- SA.LoginTest -->
