<?xml version="1.0" encoding="UTF-8"?>
<!-- Generated by org.testng.reporters.JUnitReportReporter -->
<testsuite hostname="EVM-F" name="SA.LoginTest" tests="1" failures="0" timestamp="11 Sep 2015 08:46:07 GMT" time="1.349" errors="0">
  <testcase name="testUntitled" time="1.349" classname="SA.LoginTest"/>
</testsuite> <!-- SA.LoginTest -->
