<?xml version="1.0" encoding="UTF-8"?>
<!-- Generated by org.testng.reporters.JUnitReportReporter -->
<testsuite hostname="EVM-F" name="SA.LoginTest" tests="1" failures="0" timestamp="1 Sep 2015 15:46:23 GMT" time="1.165" errors="0">
  <testcase name="testUntitled" time="1.165" classname="SA.LoginTest"/>
</testsuite> <!-- SA.LoginTest -->
